<?xml version="1.0" encoding="UTF-8"?>
<testng-results ignored="0" total="1" passed="1" failed="0" skipped="0">
  <reporter-output>
  </reporter-output>
  <suite started-at="2023-10-30T18:48:48Z" name="Smoke test" finished-at="2023-10-30T18:48:58Z" duration-ms="9683">
    <groups>
      <group name="cucumber">
        <method signature="AbstractTestNGCucumberTests.runScenario(io.cucumber.testng.PickleWrapper, io.cucumber.testng.FeatureWrapper)[pri:0, instance:runners.Smoketest@ca30bc1]" name="runScenario" class="io.cucumber.testng.AbstractTestNGCucumberTests"/>
      </group> <!-- cucumber -->
    </groups>
    <test started-at="2023-10-30T18:48:48Z" name="Smoke test" finished-at="2023-10-30T18:48:58Z" duration-ms="9683">
      <class name="runners.Smoketest">
        <test-method is-config="true" signature="setUpClass(org.testng.ITestContext)[pri:0, instance:runners.Smoketest@ca30bc1]" started-at="2023-10-30T18:48:48Z" name="setUpClass" finished-at="2023-10-30T18:48:49Z" duration-ms="289" status="PASS">
          <params>
            <param index="0">
              <value>
                <![CDATA[org.testng.TestRunner@51841ac6]]>
              </value>
            </param>
          </params>
          <reporter-output>
          </reporter-output>
        </test-method> <!-- setUpClass -->
        <test-method signature="runScenario(io.cucumber.testng.PickleWrapper, io.cucumber.testng.FeatureWrapper)[pri:0, instance:runners.Smoketest@ca30bc1]" started-at="2023-10-30T18:48:49Z" name="runScenario" description="Runs Cucumber Scenarios" data-provider="scenarios" finished-at="2023-10-30T18:48:58Z" duration-ms="9369" status="PASS">
          <params>
            <param index="0">
              <value>
                <![CDATA["Indian food near me"]]>
              </value>
            </param>
            <param index="1">
              <value>
                <![CDATA["Looking for indian food"]]>
              </value>
            </param>
          </params>
          <reporter-output>
          </reporter-output>
        </test-method> <!-- runScenario -->
        <test-method is-config="true" signature="tearDownClass()[pri:0, instance:runners.Smoketest@ca30bc1]" started-at="2023-10-30T18:48:58Z" name="tearDownClass" finished-at="2023-10-30T18:48:58Z" duration-ms="3" status="PASS">
          <reporter-output>
          </reporter-output>
        </test-method> <!-- tearDownClass -->
      </class> <!-- runners.Smoketest -->
    </test> <!-- Smoke test -->
  </suite> <!-- Smoke test -->
</testng-results>
