<?xml version="1.0" encoding="UTF-8"?>
<testng-results ignored="0" total="1" passed="1" failed="0" skipped="0">
  <reporter-output>
  </reporter-output>
  <suite started-at="2023-11-11T17:20:17Z" name="Default suite" finished-at="2023-11-11T17:20:25Z" duration-ms="8885">
    <groups>
      <group name="cucumber">
        <method signature="AbstractTestNGCucumberTests.runScenario(io.cucumber.testng.PickleWrapper, io.cucumber.testng.FeatureWrapper)[pri:0, instance:runners.Smoketest@8576fa0]" name="runScenario" class="io.cucumber.testng.AbstractTestNGCucumberTests"/>
      </group> <!-- cucumber -->
    </groups>
    <test started-at="2023-11-11T17:20:17Z" name="Default test" finished-at="2023-11-11T17:20:25Z" duration-ms="8885">
      <class name="runners.Smoketest">
        <test-method is-config="true" signature="setUpClass(org.testng.ITestContext)[pri:0, instance:runners.Smoketest@8576fa0]" started-at="2023-11-11T17:20:17Z" name="setUpClass" finished-at="2023-11-11T17:20:17Z" duration-ms="388" status="PASS">
          <params>
            <param index="0">
              <value>
                <![CDATA[org.testng.TestRunner@d109c4f]]>
              </value>
            </param>
          </params>
          <reporter-output>
          </reporter-output>
        </test-method> <!-- setUpClass -->
        <test-method signature="runScenario(io.cucumber.testng.PickleWrapper, io.cucumber.testng.FeatureWrapper)[pri:0, instance:runners.Smoketest@8576fa0]" started-at="2023-11-11T17:20:17Z" name="runScenario" description="Runs Cucumber Scenarios" data-provider="scenarios" finished-at="2023-11-11T17:20:25Z" duration-ms="8465" status="PASS">
          <params>
            <param index="0">
              <value>
                <![CDATA["Indian food near me"]]>
              </value>
            </param>
            <param index="1">
              <value>
                <![CDATA["Looking for indian food"]]>
              </value>
            </param>
          </params>
          <reporter-output>
          </reporter-output>
        </test-method> <!-- runScenario -->
        <test-method is-config="true" signature="tearDownClass()[pri:0, instance:runners.Smoketest@8576fa0]" started-at="2023-11-11T17:20:25Z" name="tearDownClass" finished-at="2023-11-11T17:20:25Z" duration-ms="3" status="PASS">
          <reporter-output>
          </reporter-output>
        </test-method> <!-- tearDownClass -->
      </class> <!-- runners.Smoketest -->
    </test> <!-- Default test -->
  </suite> <!-- Default suite -->
</testng-results>
